<?xml version="1.0" encoding="UTF-8"?>
<testExecutions version="1">
  <file path="D:\Freelance\Postgrado\AereolineaMicroService\CheckInMS\src\tests\Infrastructure\Repository\ReservationRepository.test.ts">
    <testCase name="reservation Service Creates a reservation" duration="1"/>
    <testCase name="reservation Service Removes a reservation" duration="0"/>
    <testCase name="reservation Service Updates a reservation" duration="0"/>
  </file>
</testExecutions>